<?xml version="1.0" encoding="UTF-8"?>
<testsuite xmlns:xsi="http://www.w3.org/2001/XMLSchema-instance" xsi:noNamespaceSchemaLocation="https://maven.apache.org/surefire/maven-surefire-plugin/xsd/surefire-test-report-3.0.xsd" version="3.0" name="com.myapp.companyms.CompanymsApplicationTests" time="18.447" tests="1" errors="0" skipped="0" failures="0">
  <properties>
[...]
</properties>
  <testcase name="contextLoads" classname="com.myapp.companyms.CompanymsApplicationTests" time="0.667">
    <system-out><![CDATA[15:26:44.954 [main] INFO org.springframework.test.context.support.AnnotationConfigContextLoaderUtils -- Could not detect default configuration classes for test class [com.myapp.companyms.CompanymsApplicationTests]: CompanymsApplicationTests does not declare any static, non-private, non-final, nested classes annotated with @Configuration.
15:26:45.245 [main] INFO org.springframework.boot.test.context.SpringBootTestContextBootstrapper -- Found @SpringBootConfiguration com.myapp.companyms.CompanymsApplication for test class com.myapp.companyms.CompanymsApplicationTests
  .   ____          _            __ _ _
 /\\ / ___'_ __ _ _(_)_ __  __ _ \ \ \ \
( ( )\___ | '_ | '_| | '_ \/ _` | \ \ \ \
 \\/  ___)| |_)| | | | | || (_| |  ) ) ) )
  '  |____| .__|_| |_|_| |_\__, | / / / /
 =========|_|==============|___/=/_/_/_/

 :: Spring Boot ::                (v3.3.0)

2024-05-30T15:26:46.501+03:00  INFO 13540 --- [company-service] [           main] [                                                 ] c.m.companyms.CompanymsApplicationTests  : Starting CompanymsApplicationTests using Java 21.0.1 with PID 13540 (started by 10390 in C:\Users\10390\Desktop\TRY\Spring_2\job-app-ms-embarkYT-microservice\companyms)
2024-05-30T15:26:46.505+03:00  INFO 13540 --- [company-service] [           main] [                                                 ] c.m.companyms.CompanymsApplicationTests  : No active profile set, falling back to 1 default profile: "default"
2024-05-30T15:26:49.493+03:00  INFO 13540 --- [company-service] [           main] [                                                 ] .s.d.r.c.RepositoryConfigurationDelegate : Bootstrapping Spring Data JPA repositories in DEFAULT mode.
2024-05-30T15:26:49.691+03:00  INFO 13540 --- [company-service] [           main] [                                                 ] .s.d.r.c.RepositoryConfigurationDelegate : Finished Spring Data repository scanning in 184 ms. Found 1 JPA repository interface.
2024-05-30T15:26:50.180+03:00  INFO 13540 --- [company-service] [           main] [                                                 ] o.s.cloud.context.scope.GenericScope     : BeanFactory id=c16b965c-4b38-304c-961b-1ea5deb5bdf0
2024-05-30T15:26:51.038+03:00  WARN 13540 --- [company-service] [           main] [                                                 ] trationDelegate$BeanPostProcessorChecker : Bean 'org.springframework.cloud.client.loadbalancer.LoadBalancerAutoConfiguration$DeferringLoadBalancerInterceptorConfig' of type [org.springframework.cloud.client.loadbalancer.LoadBalancerAutoConfiguration$DeferringLoadBalancerInterceptorConfig] is not eligible for getting processed by all BeanPostProcessors (for example: not eligible for auto-proxying). The currently created BeanPostProcessor [lbRestClientPostProcessor] is declared through a non-static factory method on that class; consider declaring it as static instead.
2024-05-30T15:26:51.046+03:00  WARN 13540 --- [company-service] [           main] [                                                 ] trationDelegate$BeanPostProcessorChecker : Bean 'deferringLoadBalancerInterceptor' of type [org.springframework.cloud.client.loadbalancer.DeferringLoadBalancerInterceptor] is not eligible for getting processed by all BeanPostProcessors (for example: not eligible for auto-proxying). Is this bean getting eagerly injected into a currently created BeanPostProcessor [lbRestClientPostProcessor]? Check the corresponding BeanPostProcessor declaration and its dependencies.
2024-05-30T15:26:51.492+03:00  INFO 13540 --- [company-service] [           main] [                                                 ] o.hibernate.jpa.internal.util.LogHelper  : HHH000204: Processing PersistenceUnitInfo [name: default]
2024-05-30T15:26:51.626+03:00  INFO 13540 --- [company-service] [           main] [                                                 ] org.hibernate.Version                    : HHH000412: Hibernate ORM core version 6.5.2.Final
2024-05-30T15:26:51.713+03:00  INFO 13540 --- [company-service] [           main] [                                                 ] o.h.c.internal.RegionFactoryInitiator    : HHH000026: Second-level cache disabled
2024-05-30T15:26:52.225+03:00  INFO 13540 --- [company-service] [           main] [                                                 ] o.s.o.j.p.SpringPersistenceUnitInfo      : No LoadTimeWeaver setup: ignoring JPA class transformer
2024-05-30T15:26:52.261+03:00  INFO 13540 --- [company-service] [           main] [                                                 ] com.zaxxer.hikari.HikariDataSource       : HikariPool-1 - Starting...
2024-05-30T15:26:52.529+03:00  INFO 13540 --- [company-service] [           main] [                                                 ] com.zaxxer.hikari.pool.HikariPool        : HikariPool-1 - Added connection org.postgresql.jdbc.PgConnection@52035328
2024-05-30T15:26:52.531+03:00  INFO 13540 --- [company-service] [           main] [                                                 ] com.zaxxer.hikari.HikariDataSource       : HikariPool-1 - Start completed.
2024-05-30T15:26:52.568+03:00  WARN 13540 --- [company-service] [           main] [                                                 ] org.hibernate.orm.deprecation            : HHH90000025: PostgreSQLDialect does not need to be specified explicitly using 'hibernate.dialect' (remove the property setting and it will be selected by default)
2024-05-30T15:26:53.599+03:00  INFO 13540 --- [company-service] [           main] [                                                 ] o.h.e.t.j.p.i.JtaPlatformInitiator       : HHH000489: No JTA platform available (set 'hibernate.transaction.jta.platform' to enable JTA platform integration)
2024-05-30T15:26:53.671+03:00  INFO 13540 --- [company-service] [           main] [                                                 ] j.LocalContainerEntityManagerFactoryBean : Initialized JPA EntityManagerFactory for persistence unit 'default'
2024-05-30T15:26:55.894+03:00  WARN 13540 --- [company-service] [           main] [                                                 ] JpaBaseConfiguration$JpaWebConfiguration : spring.jpa.open-in-view is enabled by default. Therefore, database queries may be performed during view rendering. Explicitly configure spring.jpa.open-in-view to disable this warning
2024-05-30T15:27:00.925+03:00  INFO 13540 --- [company-service] [           main] [                                                 ] DiscoveryClientOptionalArgsConfiguration : Eureka HTTP Client uses RestTemplate.
2024-05-30T15:27:00.998+03:00  WARN 13540 --- [company-service] [           main] [                                                 ] iguration$LoadBalancerCaffeineWarnLogger : Spring Cloud LoadBalancer is currently working with the default cache. While this cache implementation is useful for development and tests, it's recommended to use Caffeine cache in production.You can switch to using Caffeine cache, by adding it and org.springframework.cache.caffeine.CaffeineCacheManager to the classpath.
2024-05-30T15:27:01.050+03:00  INFO 13540 --- [company-service] [           main] [                                                 ] o.s.b.a.e.web.EndpointLinksResolver      : Exposing 1 endpoint beneath base path '/actuator'
2024-05-30T15:27:01.233+03:00  INFO 13540 --- [company-service] [           main] [                                                 ] o.s.c.n.eureka.InstanceInfoFactory       : Setting initial instance status as: STARTING
2024-05-30T15:27:01.510+03:00  INFO 13540 --- [company-service] [           main] [                                                 ] com.netflix.discovery.DiscoveryClient    : Initializing Eureka in region us-east-1
2024-05-30T15:27:01.517+03:00  INFO 13540 --- [company-service] [           main] [                                                 ] c.n.d.s.r.aws.ConfigClusterResolver      : Resolving eureka endpoints via configuration
2024-05-30T15:27:01.560+03:00  INFO 13540 --- [company-service] [           main] [                                                 ] com.netflix.discovery.DiscoveryClient    : Disable delta property : false
2024-05-30T15:27:01.561+03:00  INFO 13540 --- [company-service] [           main] [                                                 ] com.netflix.discovery.DiscoveryClient    : Single vip registry refresh property : null
2024-05-30T15:27:01.561+03:00  INFO 13540 --- [company-service] [           main] [                                                 ] com.netflix.discovery.DiscoveryClient    : Force full registry fetch : false
2024-05-30T15:27:01.561+03:00  INFO 13540 --- [company-service] [           main] [                                                 ] com.netflix.discovery.DiscoveryClient    : Application is null : false
2024-05-30T15:27:01.561+03:00  INFO 13540 --- [company-service] [           main] [                                                 ] com.netflix.discovery.DiscoveryClient    : Registered Applications size is zero : true
2024-05-30T15:27:01.562+03:00  INFO 13540 --- [company-service] [           main] [                                                 ] com.netflix.discovery.DiscoveryClient    : Application version is -1: true
2024-05-30T15:27:01.562+03:00  INFO 13540 --- [company-service] [           main] [                                                 ] com.netflix.discovery.DiscoveryClient    : Getting all instance registry info from the eureka server
2024-05-30T15:27:01.857+03:00  INFO 13540 --- [company-service] [           main] [                                                 ] com.netflix.discovery.DiscoveryClient    : The response status is 200
2024-05-30T15:27:01.862+03:00  INFO 13540 --- [company-service] [           main] [                                                 ] com.netflix.discovery.DiscoveryClient    : Starting heartbeat executor: renew interval is: 30
2024-05-30T15:27:01.866+03:00  INFO 13540 --- [company-service] [           main] [                                                 ] c.n.discovery.InstanceInfoReplicator     : InstanceInfoReplicator onDemand update allowed rate per min is 4
2024-05-30T15:27:01.874+03:00  INFO 13540 --- [company-service] [           main] [                                                 ] com.netflix.discovery.DiscoveryClient    : Discovery Client initialized at timestamp 1717072021872 with initial instances count: 1
2024-05-30T15:27:01.881+03:00  INFO 13540 --- [company-service] [           main] [                                                 ] o.s.c.n.e.s.EurekaServiceRegistry        : Registering application COMPANY-SERVICE with eureka with status UP
2024-05-30T15:27:01.882+03:00  INFO 13540 --- [company-service] [           main] [                                                 ] com.netflix.discovery.DiscoveryClient    : Saw local status change event StatusChangeEvent [timestamp=1717072021882, current=UP, previous=STARTING]
2024-05-30T15:27:01.885+03:00  INFO 13540 --- [company-service] [nfoReplicator-0] [                                                 ] com.netflix.discovery.DiscoveryClient    : DiscoveryClient_COMPANY-SERVICE/host.docker.internal:company-service:8081: registering service...
2024-05-30T15:27:01.890+03:00  INFO 13540 --- [company-service] [           main] [                                                 ] o.s.a.r.c.CachingConnectionFactory       : Attempting to connect to: [localhost:5672]
2024-05-30T15:27:01.946+03:00  INFO 13540 --- [company-service] [nfoReplicator-0] [                                                 ] com.netflix.discovery.DiscoveryClient    : DiscoveryClient_COMPANY-SERVICE/host.docker.internal:company-service:8081 - registration status: 204
2024-05-30T15:27:01.988+03:00  INFO 13540 --- [company-service] [           main] [                                                 ] o.s.a.r.c.CachingConnectionFactory       : Created new connection: rabbitConnectionFactory#5a004dd4:0/SimpleConnection@72722a6b [delegate=amqp://guest@127.0.0.1:5672/, localPort=52070]
2024-05-30T15:27:02.097+03:00  INFO 13540 --- [company-service] [           main] [                                                 ] c.m.companyms.CompanymsApplicationTests  : Started CompanymsApplicationTests in 16.486 seconds (process running for 18.932)
]]></system-out>
    <system-err><![CDATA[WARNING: A Java agent has been loaded dynamically (C:\Users\10390\.m2\repository\net\bytebuddy\byte-buddy-agent\1.14.16\byte-buddy-agent-1.14.16.jar)
WARNING: If a serviceability tool is in use, please run with -XX:+EnableDynamicAgentLoading to hide this warning
WARNING: If a serviceability tool is not in use, please run with -Djdk.instrument.traceUsage for more information
WARNING: Dynamic loading of agents will be disallowed by default in a future release
]]></system-err>
  </testcase>
</testsuite>